Using pre-set license
Built from '2020.3/staging' branch; Version is '2020.3.32f1 (12f8b0834f07) revision 1243312'; Using compiler version '192528614'; Build Type 'Release'
OS: 'Windows 10  (10.0.19043) 64bit Core' Language: 'ko' Physical Memory: 16321 MB
BatchMode: 1, IsHumanControllingUs: 0, StartBugReporterOnCrash: 0, Is64bit: 1, IsPro: 0

COMMAND LINE ARGUMENTS:
C:\Program Files\Unity\Hub\Editor\2020.3.32f1\Editor\Unity.exe
-adb2
-batchMode
-noUpm
-name
AssetImportWorker0
-projectPath
C:/Users/yuho1/OneDrive/문서/GitHub/Tycoon4
-logFile
Logs/AssetImportWorker0.log
-srvPort
58721
Successfully changed project path to: C:/Users/yuho1/OneDrive/문서/GitHub/Tycoon4
C:/Users/yuho1/OneDrive/문서/GitHub/Tycoon4
Using Asset Import Pipeline V2.
Refreshing native plugins compatible for Editor in 58.31 ms, found 3 plugins.
Preloading 0 native plugins for Editor in 0.00 ms.
Initialize engine version: 2020.3.32f1 (12f8b0834f07)
[Subsystems] Discovering subsystems at path C:/Program Files/Unity/Hub/Editor/2020.3.32f1/Editor/Data/Resources/UnitySubsystems
[Subsystems] Discovering subsystems at path C:/Users/yuho1/OneDrive/문서/GitHub/Tycoon4/Assets
GfxDevice: creating device client; threaded=0
Direct3D:
    Version:  Direct3D 11.0 [level 11.1]
    Renderer: NVIDIA GeForce GT 1030 (ID=0x1d01)
    Vendor:   
    VRAM:     1982 MB
    Driver:   30.0.15.1123
Initialize mono
Mono path[0] = 'C:/Program Files/Unity/Hub/Editor/2020.3.32f1/Editor/Data/Managed'
Mono path[1] = 'C:/Program Files/Unity/Hub/Editor/2020.3.32f1/Editor/Data/MonoBleedingEdge/lib/mono/unityjit'
Mono config path = 'C:/Program Files/Unity/Hub/Editor/2020.3.32f1/Editor/Data/MonoBleedingEdge/etc'
Using monoOptions --debugger-agent=transport=dt_socket,embedding=1,server=y,suspend=n,address=127.0.0.1:56596
Begin MonoManager ReloadAssembly
Registering precompiled unity dll's ...
Register platform support module: C:/Program Files/Unity/Hub/Editor/2020.3.32f1/Editor/Data/PlaybackEngines/WebGLSupport/UnityEditor.WebGL.Extensions.dll
Register platform support module: C:/Program Files/Unity/Hub/Editor/2020.3.32f1/Editor/Data/PlaybackEngines/WindowsStandaloneSupport/UnityEditor.WindowsStandalone.Extensions.dll
Registered in 0.005362 seconds.
Native extension for WindowsStandalone target not found
Native extension for WebGL target not found
Refreshing native plugins compatible for Editor in 67.23 ms, found 3 plugins.
Preloading 0 native plugins for Editor in 0.00 ms.
Mono: successfully reloaded assembly
- Completed reload, in  0.848 seconds
Domain Reload Profiling:
	ReloadAssembly (849ms)
		BeginReloadAssembly (120ms)
			ExecutionOrderSort (0ms)
			DisableScriptedObjects (0ms)
			BackupInstance (0ms)
			ReleaseScriptingObjects (0ms)
			CreateAndSetChildDomain (1ms)
		EndReloadAssembly (611ms)
			LoadAssemblies (116ms)
			RebuildTransferFunctionScriptingTraits (0ms)
			SetupTypeCache (206ms)
			ReleaseScriptCaches (0ms)
			RebuildScriptCaches (38ms)
			SetupLoadedEditorAssemblies (224ms)
				LogAssemblyErrors (0ms)
				InitializePlatformSupportModulesInManaged (7ms)
				SetLoadedEditorAssemblies (0ms)
				RefreshPlugins (67ms)
				BeforeProcessingInitializeOnLoad (11ms)
				ProcessInitializeOnLoadAttributes (97ms)
				ProcessInitializeOnLoadMethodAttributes (41ms)
				AfterProcessingInitializeOnLoad (0ms)
				EditorAssembliesLoaded (0ms)
			ExecutionOrderSort2 (0ms)
			AwakeInstancesAfterBackupRestoration (0ms)
Platform modules already initialized, skipping
Registering precompiled user dll's ...
Registered in 0.008854 seconds.
Begin MonoManager ReloadAssembly
Native extension for WindowsStandalone target not found
Native extension for WebGL target not found
Refreshing native plugins compatible for Editor in 58.90 ms, found 3 plugins.
Preloading 0 native plugins for Editor in 0.00 ms.
Mono: successfully reloaded assembly
- Completed reload, in  2.024 seconds
Domain Reload Profiling:
	ReloadAssembly (2025ms)
		BeginReloadAssembly (216ms)
			ExecutionOrderSort (0ms)
			DisableScriptedObjects (6ms)
			BackupInstance (0ms)
			ReleaseScriptingObjects (0ms)
			CreateAndSetChildDomain (21ms)
		EndReloadAssembly (1725ms)
			LoadAssemblies (170ms)
			RebuildTransferFunctionScriptingTraits (0ms)
			SetupTypeCache (732ms)
			ReleaseScriptCaches (1ms)
			RebuildScriptCaches (115ms)
			SetupLoadedEditorAssemblies (452ms)
				LogAssemblyErrors (0ms)
				InitializePlatformSupportModulesInManaged (7ms)
				SetLoadedEditorAssemblies (0ms)
				RefreshPlugins (59ms)
				BeforeProcessingInitializeOnLoad (100ms)
				ProcessInitializeOnLoadAttributes (247ms)
				ProcessInitializeOnLoadMethodAttributes (23ms)
				AfterProcessingInitializeOnLoad (16ms)
				EditorAssembliesLoaded (0ms)
			ExecutionOrderSort2 (0ms)
			AwakeInstancesAfterBackupRestoration (8ms)
Platform modules already initialized, skipping
========================================================================
Worker process is ready to serve import requests
Launched and connected shader compiler UnityShaderCompiler.exe after 0.11 seconds
Refreshing native plugins compatible for Editor in 0.59 ms, found 3 plugins.
Preloading 0 native plugins for Editor in 0.00 ms.
Unloading 2234 Unused Serialized files (Serialized files now loaded: 0)
System memory in use before: 98.8 MB.
System memory in use after: 98.9 MB.

Unloading 25 unused Assets to reduce memory usage. Loaded Objects now: 2675.
Total: 3.706800 ms (FindLiveObjects: 0.167300 ms CreateObjectMapping: 0.091500 ms MarkObjects: 3.372200 ms  DeleteObjects: 0.074400 ms)

AssetImportParameters requested are different than current active one (requested -> active):
  custom:framework-win-MediaFoundation: 216162199b28c13a410421893ffa2e32 -> 
  custom:video-decoder-ogg-theora: a1e56fd34408186e4bbccfd4996cb3dc -> 
  custom:container-muxer-webm: aa71ff27fc2769a1b78a27578f13a17b -> 
  custom:container-demuxer-webm: 4f35f7cbe854078d1ac9338744f61a02 -> 
  custom:container-demuxer-ogg: 62fdf1f143b41e24485cea50d1cbac27 -> 
  custom:video-encoder-webm-vp8: eb34c28f22e8b96e1ab97ce403110664 -> 
  custom:video-decoder-webm-vp8: 9c59270c3fd7afecdb556c50c9e8de78 -> 
  custom:audio-decoder-ogg-vorbis: bf7c407c2cedff20999df2af8eb42d56 -> 
  custom:audio-encoder-webm-vorbis: bf7c407c2cedff20999df2af8eb42d56 -> 
========================================================================
Received Import Request.
  path: Assets/SPUM
  artifactKey: Guid(f079f0272d68bd749b03dc1d4e27373c) Importer(815301076,1909f56bfc062723c751e8b465ee728b)
Start importing Assets/SPUM using Guid(f079f0272d68bd749b03dc1d4e27373c) Importer(815301076,1909f56bfc062723c751e8b465ee728b)  -> (artifact id: 'f77407a47b6ee39a0865d0b5e447ca87') in 0.012051 seconds 
========================================================================
Received Import Request.
  Time since last request: 219.049772 seconds.
  path: Assets/Sprites/classroom
  artifactKey: Guid(6d12450922b2027448272f1cfa411e10) Importer(815301076,1909f56bfc062723c751e8b465ee728b)
Start importing Assets/Sprites/classroom using Guid(6d12450922b2027448272f1cfa411e10) Importer(815301076,1909f56bfc062723c751e8b465ee728b)  -> (artifact id: '79c03e65bba28fdfb72382bf4a48a03a') in 0.019214 seconds 
========================================================================
Received Import Request.
  Time since last request: 0.029152 seconds.
  path: Assets/Sprites/classroom/classroom1.png
  artifactKey: Guid(5e3c1ee64c65a6243b36450c05ffff9e) Importer(815301076,1909f56bfc062723c751e8b465ee728b)
Start importing Assets/Sprites/classroom/classroom1.png using Guid(5e3c1ee64c65a6243b36450c05ffff9e) Importer(815301076,1909f56bfc062723c751e8b465ee728b)  -> (artifact id: '5a8dead24c3f65bfb6dfe8906fcaac1f') in 0.149117 seconds 
========================================================================
Received Import Request.
  Time since last request: 0.000457 seconds.
  path: Assets/Sprites/classroom/classroom3.png
  artifactKey: Guid(b9e22cd583d879e46a45b7ac06352dc8) Importer(815301076,1909f56bfc062723c751e8b465ee728b)
Start importing Assets/Sprites/classroom/classroom3.png using Guid(b9e22cd583d879e46a45b7ac06352dc8) Importer(815301076,1909f56bfc062723c751e8b465ee728b)  -> (artifact id: 'ee4f37a4d7276066bfffc86128553221') in 0.029497 seconds 
========================================================================
Received Import Request.
  Time since last request: 0.000215 seconds.
  path: Assets/Sprites/classroom/classroom9.png
  artifactKey: Guid(b0dc8d0ec00933443adcf7f29749a233) Importer(815301076,1909f56bfc062723c751e8b465ee728b)
Start importing Assets/Sprites/classroom/classroom9.png using Guid(b0dc8d0ec00933443adcf7f29749a233) Importer(815301076,1909f56bfc062723c751e8b465ee728b)  -> (artifact id: 'cf481725122529ebcd18e0a9d3822743') in 0.037060 seconds 
========================================================================
Received Import Request.
  Time since last request: 0.000198 seconds.
  path: Assets/Sprites/classroom/classroom2.png
  artifactKey: Guid(eb2db36bf54960c4fbc46e5e03e41557) Importer(815301076,1909f56bfc062723c751e8b465ee728b)
Start importing Assets/Sprites/classroom/classroom2.png using Guid(eb2db36bf54960c4fbc46e5e03e41557) Importer(815301076,1909f56bfc062723c751e8b465ee728b)  -> (artifact id: '88c50c9895905e5eda30ca4561a1ecdf') in 0.035789 seconds 
========================================================================
Received Import Request.
  Time since last request: 0.000201 seconds.
  path: Assets/Sprites/classroom/classroom5.png
  artifactKey: Guid(d5915ee685aa23d4abaeb2a321e5acea) Importer(815301076,1909f56bfc062723c751e8b465ee728b)
Start importing Assets/Sprites/classroom/classroom5.png using Guid(d5915ee685aa23d4abaeb2a321e5acea) Importer(815301076,1909f56bfc062723c751e8b465ee728b)  -> (artifact id: 'c6dd323b9b02aace889ac9e485b173ab') in 0.037291 seconds 
========================================================================
Received Import Request.
  Time since last request: 0.000191 seconds.
  path: Assets/Sprites/classroom/classroom8.png
  artifactKey: Guid(e988b946e7ae5144480a283caa3acdc6) Importer(815301076,1909f56bfc062723c751e8b465ee728b)
Start importing Assets/Sprites/classroom/classroom8.png using Guid(e988b946e7ae5144480a283caa3acdc6) Importer(815301076,1909f56bfc062723c751e8b465ee728b)  -> (artifact id: 'f65f3445c6361063ad3b397816296930') in 0.050768 seconds 
========================================================================
Received Import Request.
  Time since last request: 0.000284 seconds.
  path: Assets/Sprites/classroom/classroom7.png
  artifactKey: Guid(b925cd7244ef4f348a478a42fbc68347) Importer(815301076,1909f56bfc062723c751e8b465ee728b)
Start importing Assets/Sprites/classroom/classroom7.png using Guid(b925cd7244ef4f348a478a42fbc68347) Importer(815301076,1909f56bfc062723c751e8b465ee728b)  -> (artifact id: '96c50098f4ebc8bae99eee33adfc3ef8') in 0.052566 seconds 
========================================================================
Received Import Request.
  Time since last request: 0.000219 seconds.
  path: Assets/Sprites/classroom/classroom6.png
  artifactKey: Guid(a01be06e619a2c84b8ebb4ebb44ae116) Importer(815301076,1909f56bfc062723c751e8b465ee728b)
Start importing Assets/Sprites/classroom/classroom6.png using Guid(a01be06e619a2c84b8ebb4ebb44ae116) Importer(815301076,1909f56bfc062723c751e8b465ee728b)  -> (artifact id: '0a24fb756b0738ce225d293fa9bc93f5') in 0.056722 seconds 
========================================================================
Received Import Request.
  Time since last request: 0.000222 seconds.
  path: Assets/Sprites/classroom/classroom4.png
  artifactKey: Guid(8d26a5ecd80dc974aa190eec3a80b0dd) Importer(815301076,1909f56bfc062723c751e8b465ee728b)
Start importing Assets/Sprites/classroom/classroom4.png using Guid(8d26a5ecd80dc974aa190eec3a80b0dd) Importer(815301076,1909f56bfc062723c751e8b465ee728b)  -> (artifact id: '8ffd3757b8df92a16de2ff7b67e83932') in 0.035920 seconds 
========================================================================
Received Import Request.
  Time since last request: 267.053550 seconds.
  path: Assets/Sprites/object/adfadf.prefab
  artifactKey: Guid(6c1f76d12acb8b340bbddefd4210d530) Importer(815301076,1909f56bfc062723c751e8b465ee728b)
Start importing Assets/Sprites/object/adfadf.prefab using Guid(6c1f76d12acb8b340bbddefd4210d530) Importer(815301076,1909f56bfc062723c751e8b465ee728b)  -> (artifact id: '3babeeeee4d5634dceea6331a9e3448f') in 0.063032 seconds 
========================================================================
Received Import Request.
  Time since last request: 5.335219 seconds.
  path: Assets/Sprites/object/adfadf.prefab
  artifactKey: Guid(6c1f76d12acb8b340bbddefd4210d530) Importer(815301076,1909f56bfc062723c751e8b465ee728b)
Start importing Assets/Sprites/object/adfadf.prefab using Guid(6c1f76d12acb8b340bbddefd4210d530) Importer(815301076,1909f56bfc062723c751e8b465ee728b)  -> (artifact id: '924d1d83efe3e6ea2b772fa6aa4dd90d') in 0.062562 seconds 
========================================================================
Received Import Request.
  Time since last request: 0.000195 seconds.
  path: Assets/Sprites/object/desk.asset
  artifactKey: Guid(85dedc6d752e0114fa9fa79651ad6414) Importer(815301076,1909f56bfc062723c751e8b465ee728b)
Start importing Assets/Sprites/object/desk.asset using Guid(85dedc6d752e0114fa9fa79651ad6414) Importer(815301076,1909f56bfc062723c751e8b465ee728b)  -> (artifact id: '82fbdd0e8d4d2976c51a65a079e06d56') in 0.047265 seconds 
========================================================================
Received Import Request.
  Time since last request: 61.133297 seconds.
  path: Assets/Sprites/computerRoom
  artifactKey: Guid(4ae9fe60ce72edd469dfe39b5e7277e4) Importer(815301076,1909f56bfc062723c751e8b465ee728b)
Start importing Assets/Sprites/computerRoom using Guid(4ae9fe60ce72edd469dfe39b5e7277e4) Importer(815301076,1909f56bfc062723c751e8b465ee728b)  -> (artifact id: '2548ee5f36fe3b2201522417ddd627b0') in 0.014691 seconds 
========================================================================
Received Import Request.
  Time since last request: 0.024286 seconds.
  path: Assets/Sprites/computerRoom/1computerRoom.asset
  artifactKey: Guid(c7101decc369da24e883c0abc06f9b6b) Importer(815301076,1909f56bfc062723c751e8b465ee728b)
Start importing Assets/Sprites/computerRoom/1computerRoom.asset using Guid(c7101decc369da24e883c0abc06f9b6b) Importer(815301076,1909f56bfc062723c751e8b465ee728b)  -> (artifact id: '63714b8d03b637be573adb5452148c31') in 0.018704 seconds 
========================================================================
Received Import Request.
  Time since last request: 0.000220 seconds.
  path: Assets/Sprites/computerRoom/5computerRoom.asset
  artifactKey: Guid(301839f1cd65a424cb43c41ceb97f445) Importer(815301076,1909f56bfc062723c751e8b465ee728b)
Start importing Assets/Sprites/computerRoom/5computerRoom.asset using Guid(301839f1cd65a424cb43c41ceb97f445) Importer(815301076,1909f56bfc062723c751e8b465ee728b)  -> (artifact id: '979876e23483f16e000e88b055978461') in 0.040727 seconds 
========================================================================
Received Import Request.
  Time since last request: 0.000210 seconds.
  path: Assets/Sprites/computerRoom/3computerRoom.png
  artifactKey: Guid(0073d4d68aa88a248b5026fc281adf8b) Importer(815301076,1909f56bfc062723c751e8b465ee728b)
Start importing Assets/Sprites/computerRoom/3computerRoom.png using Guid(0073d4d68aa88a248b5026fc281adf8b) Importer(815301076,1909f56bfc062723c751e8b465ee728b)  -> (artifact id: '4950bc5cace7a6fc8aa04b939964c7cd') in 0.029086 seconds 
========================================================================
Received Import Request.
  Time since last request: 0.000331 seconds.
  path: Assets/Sprites/computerRoom/asas.asset
  artifactKey: Guid(3e3c8fc130c455f40b1c191576e410fc) Importer(815301076,1909f56bfc062723c751e8b465ee728b)
Start importing Assets/Sprites/computerRoom/asas.asset using Guid(3e3c8fc130c455f40b1c191576e410fc) Importer(815301076,1909f56bfc062723c751e8b465ee728b)  -> (artifact id: 'eeb34a655cd1aa2131f1aed91f011b49') in 0.033717 seconds 
========================================================================
Received Import Request.
  Time since last request: 0.000287 seconds.
  path: Assets/Sprites/computerRoom/6computerRoom.asset
  artifactKey: Guid(92748a39becb7de42ba86b9e9ffc4060) Importer(815301076,1909f56bfc062723c751e8b465ee728b)
Start importing Assets/Sprites/computerRoom/6computerRoom.asset using Guid(92748a39becb7de42ba86b9e9ffc4060) Importer(815301076,1909f56bfc062723c751e8b465ee728b)  -> (artifact id: '36e675c46eeb8e4029543ca8eea3bf0f') in 0.034312 seconds 
========================================================================
Received Import Request.
  Time since last request: 0.000227 seconds.
  path: Assets/Sprites/computerRoom/8computerRoom.png
  artifactKey: Guid(dbb0a8ff102f3fc48a15536d2c9c1aee) Importer(815301076,1909f56bfc062723c751e8b465ee728b)
Start importing Assets/Sprites/computerRoom/8computerRoom.png using Guid(dbb0a8ff102f3fc48a15536d2c9c1aee) Importer(815301076,1909f56bfc062723c751e8b465ee728b)  -> (artifact id: '95f246c5c0dff369ee8e3e61ebf50517') in 0.028657 seconds 
========================================================================
Received Import Request.
  Time since last request: 0.000125 seconds.
  path: Assets/Sprites/computerRoom/4computerRoom.png
  artifactKey: Guid(665d618e915616344bb3efa26a89b865) Importer(815301076,1909f56bfc062723c751e8b465ee728b)
Start importing Assets/Sprites/computerRoom/4computerRoom.png using Guid(665d618e915616344bb3efa26a89b865) Importer(815301076,1909f56bfc062723c751e8b465ee728b)  -> (artifact id: '7e64f95c3ec77f01b5b30ff162fa73d7') in 0.035565 seconds 
========================================================================
Received Import Request.
  Time since last request: 0.000251 seconds.
  path: Assets/Sprites/computerRoom/7computerRoom.asset
  artifactKey: Guid(5b7274c58b4c34d4bbe02b39fa3d0a0f) Importer(815301076,1909f56bfc062723c751e8b465ee728b)
Start importing Assets/Sprites/computerRoom/7computerRoom.asset using Guid(5b7274c58b4c34d4bbe02b39fa3d0a0f) Importer(815301076,1909f56bfc062723c751e8b465ee728b)  -> (artifact id: '23b7d05998f0811b1c86a37cb4a6551d') in 0.026894 seconds 
========================================================================
Received Import Request.
  Time since last request: 0.000219 seconds.
  path: Assets/Sprites/computerRoom/1computerRoom.png
  artifactKey: Guid(6f7ced090e57d214e8b142f2d9a61ecb) Importer(815301076,1909f56bfc062723c751e8b465ee728b)
Start importing Assets/Sprites/computerRoom/1computerRoom.png using Guid(6f7ced090e57d214e8b142f2d9a61ecb) Importer(815301076,1909f56bfc062723c751e8b465ee728b)  -> (artifact id: 'ab3c77a84a731e2652f65927fe1bff72') in 0.028838 seconds 
========================================================================
Received Import Request.
  Time since last request: 0.000632 seconds.
  path: Assets/Sprites/computerRoom/3computerRoom.asset
  artifactKey: Guid(3f3e6521cdc023c4b97e1f01b5aa895a) Importer(815301076,1909f56bfc062723c751e8b465ee728b)
Start importing Assets/Sprites/computerRoom/3computerRoom.asset using Guid(3f3e6521cdc023c4b97e1f01b5aa895a) Importer(815301076,1909f56bfc062723c751e8b465ee728b)  -> (artifact id: 'c08fac57048584326fb683325175b777') in 0.013398 seconds 
========================================================================
Received Import Request.
  Time since last request: 0.000256 seconds.
  path: Assets/Sprites/computerRoom/5computerRoom.png
  artifactKey: Guid(d0c18908c26d1c04b9ffb13316cf17d6) Importer(815301076,1909f56bfc062723c751e8b465ee728b)
Start importing Assets/Sprites/computerRoom/5computerRoom.png using Guid(d0c18908c26d1c04b9ffb13316cf17d6) Importer(815301076,1909f56bfc062723c751e8b465ee728b)  -> (artifact id: '21c2bd9acc137181375b1a7ea3576f58') in 0.033752 seconds 
========================================================================
Received Import Request.
  Time since last request: 0.000378 seconds.
  path: Assets/Sprites/computerRoom/6computerRoom.png
  artifactKey: Guid(248438b195d084f418abf596acc74ce1) Importer(815301076,1909f56bfc062723c751e8b465ee728b)
Start importing Assets/Sprites/computerRoom/6computerRoom.png using Guid(248438b195d084f418abf596acc74ce1) Importer(815301076,1909f56bfc062723c751e8b465ee728b)  -> (artifact id: 'efb9ca55453598b6f1a8a30bd36708fe') in 0.018489 seconds 
========================================================================
Received Import Request.
  Time since last request: 0.000236 seconds.
  path: Assets/Sprites/computerRoom/7computerRoom.png
  artifactKey: Guid(cbde90488b7ffc2408558c6f11612761) Importer(815301076,1909f56bfc062723c751e8b465ee728b)
Start importing Assets/Sprites/computerRoom/7computerRoom.png using Guid(cbde90488b7ffc2408558c6f11612761) Importer(815301076,1909f56bfc062723c751e8b465ee728b)  -> (artifact id: '50c91a45d838c1b254bcd2d4bc522408') in 0.034633 seconds 
========================================================================
Received Import Request.
  Time since last request: 0.000211 seconds.
  path: Assets/Sprites/computerRoom/4computerRoom.asset
  artifactKey: Guid(fb53504fea8797749b8aa06d613ed4e5) Importer(815301076,1909f56bfc062723c751e8b465ee728b)
Start importing Assets/Sprites/computerRoom/4computerRoom.asset using Guid(fb53504fea8797749b8aa06d613ed4e5) Importer(815301076,1909f56bfc062723c751e8b465ee728b)  -> (artifact id: 'fa6f42c08e43da2ccb2bed90c946d51a') in 0.032668 seconds 
========================================================================
Received Import Request.
  Time since last request: 0.000221 seconds.
  path: Assets/Sprites/computerRoom/9computerRoom.png
  artifactKey: Guid(763f3fdecef7ae6488bbe3f00c3a6336) Importer(815301076,1909f56bfc062723c751e8b465ee728b)
Start importing Assets/Sprites/computerRoom/9computerRoom.png using Guid(763f3fdecef7ae6488bbe3f00c3a6336) Importer(815301076,1909f56bfc062723c751e8b465ee728b)  -> (artifact id: '124d929ed5e1cea48f95737099117d30') in 0.032869 seconds 
========================================================================
Received Import Request.
  Time since last request: 0.000767 seconds.
  path: Assets/Sprites/computerRoom/2computerRoom.png
  artifactKey: Guid(89f7de600ad570d418c438af7f4970cd) Importer(815301076,1909f56bfc062723c751e8b465ee728b)
Start importing Assets/Sprites/computerRoom/2computerRoom.png using Guid(89f7de600ad570d418c438af7f4970cd) Importer(815301076,1909f56bfc062723c751e8b465ee728b)  -> (artifact id: '11248204da107f702e1071d3a343fa6f') in 0.061829 seconds 
========================================================================
Received Import Request.
  Time since last request: 0.000360 seconds.
  path: Assets/Sprites/computerRoom/2computerRoom.asset
  artifactKey: Guid(557a7ed9e24cddc4f9554e8b97db38d3) Importer(815301076,1909f56bfc062723c751e8b465ee728b)
Start importing Assets/Sprites/computerRoom/2computerRoom.asset using Guid(557a7ed9e24cddc4f9554e8b97db38d3) Importer(815301076,1909f56bfc062723c751e8b465ee728b)  -> (artifact id: 'faaae2b21c2134724d6bfd9c84d313ea') in 0.019836 seconds 
========================================================================
Received Import Request.
  Time since last request: 0.000199 seconds.
  path: Assets/Sprites/computerRoom/8computerRoom.asset
  artifactKey: Guid(d4fd43cbc0777be40bab382691c678cc) Importer(815301076,1909f56bfc062723c751e8b465ee728b)
Start importing Assets/Sprites/computerRoom/8computerRoom.asset using Guid(d4fd43cbc0777be40bab382691c678cc) Importer(815301076,1909f56bfc062723c751e8b465ee728b)  -> (artifact id: 'be47d81f9d84585819d28aab63e9c592') in 0.029919 seconds 
========================================================================
Received Import Request.
  Time since last request: 0.000273 seconds.
  path: Assets/Sprites/computerRoom/asas.png
  artifactKey: Guid(9042779bf753330448199e144ccee1dc) Importer(815301076,1909f56bfc062723c751e8b465ee728b)
Start importing Assets/Sprites/computerRoom/asas.png using Guid(9042779bf753330448199e144ccee1dc) Importer(815301076,1909f56bfc062723c751e8b465ee728b)  -> (artifact id: '827712c64f780772bc9611d045836cab') in 0.045032 seconds 
========================================================================
Received Import Request.
  Time since last request: 0.000231 seconds.
  path: Assets/Sprites/computerRoom/9computerRoom.asset
  artifactKey: Guid(2c544742d41f454489ff4ad4baddcea5) Importer(815301076,1909f56bfc062723c751e8b465ee728b)
Start importing Assets/Sprites/computerRoom/9computerRoom.asset using Guid(2c544742d41f454489ff4ad4baddcea5) Importer(815301076,1909f56bfc062723c751e8b465ee728b)  -> (artifact id: 'b1be2beaefb1334701e769f9705f8f54') in 0.038333 seconds 
========================================================================
Received Import Request.
  Time since last request: 17.851897 seconds.
  path: Assets/Sprites/lobby
  artifactKey: Guid(9fce9666b456de74a82ee050cf8cf56b) Importer(815301076,1909f56bfc062723c751e8b465ee728b)
Start importing Assets/Sprites/lobby using Guid(9fce9666b456de74a82ee050cf8cf56b) Importer(815301076,1909f56bfc062723c751e8b465ee728b)  -> (artifact id: '96af252c125e28f8fdf6b8d3cc2acf95') in 0.012981 seconds 
========================================================================
Received Import Request.
  Time since last request: 0.026103 seconds.
  path: Assets/Sprites/lobby/lobby 1 - 복사본.png
  artifactKey: Guid(6679077667e83644a81c419d1cf52b2b) Importer(815301076,1909f56bfc062723c751e8b465ee728b)
Start importing Assets/Sprites/lobby/lobby 1 - 복사본.png using Guid(6679077667e83644a81c419d1cf52b2b) Importer(815301076,1909f56bfc062723c751e8b465ee728b)  -> (artifact id: '6522c1f959f27e6b09f1ada2b5c24ef0') in 0.032748 seconds 
========================================================================
Received Import Request.
  Time since last request: 0.364715 seconds.
  path: Assets/Sprites/lobby/lobby 1.png
  artifactKey: Guid(c3a7c2754ddd369448733830264c5b27) Importer(815301076,1909f56bfc062723c751e8b465ee728b)
Start importing Assets/Sprites/lobby/lobby 1.png using Guid(c3a7c2754ddd369448733830264c5b27) Importer(815301076,1909f56bfc062723c751e8b465ee728b)  -> (artifact id: '0d5ae82ab3159df1bfdf4ea032567766') in 0.053496 seconds 
========================================================================
Received Import Request.
  Time since last request: 0.000265 seconds.
  path: Assets/Sprites/lobby/lobby_6 1.asset
  artifactKey: Guid(a943b404259b2d346b7327da21cc2e2a) Importer(815301076,1909f56bfc062723c751e8b465ee728b)
Start importing Assets/Sprites/lobby/lobby_6 1.asset using Guid(a943b404259b2d346b7327da21cc2e2a) Importer(815301076,1909f56bfc062723c751e8b465ee728b)  -> (artifact id: 'd9de622955d927271479bfce143c86ca') in 0.032699 seconds 
========================================================================
Received Import Request.
  Time since last request: 0.000253 seconds.
  path: Assets/Sprites/lobby/lobby_3 1.asset
  artifactKey: Guid(4c377444f400f2a46b7d1ee06c853a06) Importer(815301076,1909f56bfc062723c751e8b465ee728b)
Start importing Assets/Sprites/lobby/lobby_3 1.asset using Guid(4c377444f400f2a46b7d1ee06c853a06) Importer(815301076,1909f56bfc062723c751e8b465ee728b)  -> (artifact id: '5c4d5669fb22f95b71ea521b28fbd619') in 0.023219 seconds 
========================================================================
Received Import Request.
  Time since last request: 0.000236 seconds.
  path: Assets/Sprites/lobby/lobby_8.asset
  artifactKey: Guid(ba3e824470853534faf5381a77e75f4e) Importer(815301076,1909f56bfc062723c751e8b465ee728b)
Start importing Assets/Sprites/lobby/lobby_8.asset using Guid(ba3e824470853534faf5381a77e75f4e) Importer(815301076,1909f56bfc062723c751e8b465ee728b)  -> (artifact id: 'e75a6316f0e73ddad2ac04a0e2d3666e') in 0.022503 seconds 
========================================================================
Received Import Request.
  Time since last request: 0.000201 seconds.
  path: Assets/Sprites/lobby/lobby_4.asset
  artifactKey: Guid(ed0b5f9556b59cf449c592b482dd17f8) Importer(815301076,1909f56bfc062723c751e8b465ee728b)
Start importing Assets/Sprites/lobby/lobby_4.asset using Guid(ed0b5f9556b59cf449c592b482dd17f8) Importer(815301076,1909f56bfc062723c751e8b465ee728b)  -> (artifact id: '3a2a5f15d1ae38f8715efbc021d32adc') in 0.041240 seconds 
========================================================================
Received Import Request.
  Time since last request: 0.000265 seconds.
  path: Assets/Sprites/lobby/lobby_5 1.asset
  artifactKey: Guid(6b7ca4eeafb03054d81069b39ae4f693) Importer(815301076,1909f56bfc062723c751e8b465ee728b)
Start importing Assets/Sprites/lobby/lobby_5 1.asset using Guid(6b7ca4eeafb03054d81069b39ae4f693) Importer(815301076,1909f56bfc062723c751e8b465ee728b)  -> (artifact id: '6eae5ff7e4590febb9f821775ccdbc07') in 0.015777 seconds 
========================================================================
Received Import Request.
  Time since last request: 0.000210 seconds.
  path: Assets/Sprites/lobby/lobby_1 1.asset
  artifactKey: Guid(82fe7ccdd37756d4fbbc540fa3ff1b52) Importer(815301076,1909f56bfc062723c751e8b465ee728b)
Start importing Assets/Sprites/lobby/lobby_1 1.asset using Guid(82fe7ccdd37756d4fbbc540fa3ff1b52) Importer(815301076,1909f56bfc062723c751e8b465ee728b)  -> (artifact id: '67b5e76439ec5b3dd988ba26a512528f') in 0.025689 seconds 
========================================================================
Received Import Request.
  Time since last request: 0.000204 seconds.
  path: Assets/Sprites/lobby/lobby.png
  artifactKey: Guid(4263dbf24b8f4464e9b2eb1baf43d3e3) Importer(815301076,1909f56bfc062723c751e8b465ee728b)
Start importing Assets/Sprites/lobby/lobby.png using Guid(4263dbf24b8f4464e9b2eb1baf43d3e3) Importer(815301076,1909f56bfc062723c751e8b465ee728b)  -> (artifact id: '2fae0013f1c5661f173829d8e7ef5740') in 0.053049 seconds 
========================================================================
Received Import Request.
  Time since last request: 0.000289 seconds.
  path: Assets/Sprites/lobby/lobby_6.asset
  artifactKey: Guid(f9a9d631942e6624fb25e33d698ba446) Importer(815301076,1909f56bfc062723c751e8b465ee728b)
Start importing Assets/Sprites/lobby/lobby_6.asset using Guid(f9a9d631942e6624fb25e33d698ba446) Importer(815301076,1909f56bfc062723c751e8b465ee728b)  -> (artifact id: '89f5ae989926cfae65d93b1568fdc517') in 0.026671 seconds 
========================================================================
Received Import Request.
  Time since last request: 0.000208 seconds.
  path: Assets/Sprites/lobby/lobby_8 1.asset
  artifactKey: Guid(3277fd5f8a9d42745b94de690de6a3e8) Importer(815301076,1909f56bfc062723c751e8b465ee728b)
Start importing Assets/Sprites/lobby/lobby_8 1.asset using Guid(3277fd5f8a9d42745b94de690de6a3e8) Importer(815301076,1909f56bfc062723c751e8b465ee728b)  -> (artifact id: '8db4fe6f5e614ee43fe4cfe8d6849fbd') in 0.035536 seconds 
========================================================================
Received Import Request.
  Time since last request: 0.000216 seconds.
  path: Assets/Sprites/lobby/lobby_5.asset
  artifactKey: Guid(712334b3214e27a4da8f6c70e10481de) Importer(815301076,1909f56bfc062723c751e8b465ee728b)
Start importing Assets/Sprites/lobby/lobby_5.asset using Guid(712334b3214e27a4da8f6c70e10481de) Importer(815301076,1909f56bfc062723c751e8b465ee728b)  -> (artifact id: '1a5458bb77141051b1258fa423118b0d') in 0.030048 seconds 
========================================================================
Received Import Request.
  Time since last request: 0.000266 seconds.
  path: Assets/Sprites/lobby/lobby_4 1.asset
  artifactKey: Guid(60cbe36078550c841ac7671b37720fb1) Importer(815301076,1909f56bfc062723c751e8b465ee728b)
Start importing Assets/Sprites/lobby/lobby_4 1.asset using Guid(60cbe36078550c841ac7671b37720fb1) Importer(815301076,1909f56bfc062723c751e8b465ee728b)  -> (artifact id: '42d4c37b0ddf4cad3540525bd42735e3') in 0.023915 seconds 
========================================================================
Received Import Request.
  Time since last request: 0.000281 seconds.
  path: Assets/Sprites/lobby/lobby_7.asset
  artifactKey: Guid(d93563969ce58354e9df2548a609ca46) Importer(815301076,1909f56bfc062723c751e8b465ee728b)
Start importing Assets/Sprites/lobby/lobby_7.asset using Guid(d93563969ce58354e9df2548a609ca46) Importer(815301076,1909f56bfc062723c751e8b465ee728b)  -> (artifact id: '2d7cea8216eeeed0c7ba40acd6270650') in 0.031578 seconds 
========================================================================
Received Import Request.
  Time since last request: 0.000292 seconds.
  path: Assets/Sprites/lobby/lobby_2 1.asset
  artifactKey: Guid(8e611c39cd9f78841a2ec777c490c4bf) Importer(815301076,1909f56bfc062723c751e8b465ee728b)
Start importing Assets/Sprites/lobby/lobby_2 1.asset using Guid(8e611c39cd9f78841a2ec777c490c4bf) Importer(815301076,1909f56bfc062723c751e8b465ee728b)  -> (artifact id: '7bb2f69adc720ff84ec4c7f5ca3ed68e') in 0.032706 seconds 
========================================================================
Received Import Request.
  Time since last request: 0.000227 seconds.
  path: Assets/Sprites/lobby/lobby_0.asset
  artifactKey: Guid(9081b7cb4d1a4b344bd6d42b94c70be5) Importer(815301076,1909f56bfc062723c751e8b465ee728b)
Start importing Assets/Sprites/lobby/lobby_0.asset using Guid(9081b7cb4d1a4b344bd6d42b94c70be5) Importer(815301076,1909f56bfc062723c751e8b465ee728b)  -> (artifact id: '0b004256fa679cd896e75c7a578cb57e') in 0.031408 seconds 
========================================================================
Received Import Request.
  Time since last request: 0.000304 seconds.
  path: Assets/Sprites/lobby/lobby_1.asset
  artifactKey: Guid(2443eb351af5a0d48ac53374ec24fe2c) Importer(815301076,1909f56bfc062723c751e8b465ee728b)
Start importing Assets/Sprites/lobby/lobby_1.asset using Guid(2443eb351af5a0d48ac53374ec24fe2c) Importer(815301076,1909f56bfc062723c751e8b465ee728b)  -> (artifact id: '8ec70dce6c02c4b6bfc3bde2ac73f848') in 0.030192 seconds 
========================================================================
Received Import Request.
  Time since last request: 0.000207 seconds.
  path: Assets/Sprites/lobby/lobby_8 2.asset
  artifactKey: Guid(b1fea1ab7c2a8534fb700e252da80fda) Importer(815301076,1909f56bfc062723c751e8b465ee728b)
Start importing Assets/Sprites/lobby/lobby_8 2.asset using Guid(b1fea1ab7c2a8534fb700e252da80fda) Importer(815301076,1909f56bfc062723c751e8b465ee728b)  -> (artifact id: '42d32914a10e5c7cc493945ac0536da5') in 0.033562 seconds 
========================================================================
Received Import Request.
  Time since last request: 0.000269 seconds.
  path: Assets/Sprites/lobby/lobby_2.asset
  artifactKey: Guid(abf0e6d5ef69a1543be6b3327f313ea4) Importer(815301076,1909f56bfc062723c751e8b465ee728b)
Start importing Assets/Sprites/lobby/lobby_2.asset using Guid(abf0e6d5ef69a1543be6b3327f313ea4) Importer(815301076,1909f56bfc062723c751e8b465ee728b)  -> (artifact id: '3572f7930b3141ae7fd534ecccea7ad1') in 0.032678 seconds 
========================================================================
Received Import Request.
  Time since last request: 0.000205 seconds.
  path: Assets/Sprites/lobby/lobby_3.asset
  artifactKey: Guid(eba25eb801a3b344086d0adb886a9222) Importer(815301076,1909f56bfc062723c751e8b465ee728b)
Start importing Assets/Sprites/lobby/lobby_3.asset using Guid(eba25eb801a3b344086d0adb886a9222) Importer(815301076,1909f56bfc062723c751e8b465ee728b)  -> (artifact id: '5eab0a762fba1d50717e3210000fae1b') in 0.033456 seconds 
========================================================================
Received Import Request.
  Time since last request: 0.002109 seconds.
  path: Assets/Sprites/lobby/lobby_0 1.asset
  artifactKey: Guid(25901b35c59ad074ab816c60d8ed088a) Importer(815301076,1909f56bfc062723c751e8b465ee728b)
Start importing Assets/Sprites/lobby/lobby_0 1.asset using Guid(25901b35c59ad074ab816c60d8ed088a) Importer(815301076,1909f56bfc062723c751e8b465ee728b)  -> (artifact id: '86e5be710981f7a3806e2852ebee6e30') in 0.016589 seconds 
========================================================================
Received Import Request.
  Time since last request: 0.000257 seconds.
  path: Assets/Sprites/lobby/lobby_7 1.asset
  artifactKey: Guid(c3df5823782c6af47a3c50acedec8e9b) Importer(815301076,1909f56bfc062723c751e8b465ee728b)
Start importing Assets/Sprites/lobby/lobby_7 1.asset using Guid(c3df5823782c6af47a3c50acedec8e9b) Importer(815301076,1909f56bfc062723c751e8b465ee728b)  -> (artifact id: '4bee334d02a8031cc2289716177f66a6') in 0.031793 seconds 
========================================================================
Received Import Request.
  Time since last request: 125.957392 seconds.
  path: Assets/SPUM/SPUM_Sprites
  artifactKey: Guid(425d1f7b553884c5ea8d839292b489c1) Importer(815301076,1909f56bfc062723c751e8b465ee728b)
Start importing Assets/SPUM/SPUM_Sprites using Guid(425d1f7b553884c5ea8d839292b489c1) Importer(815301076,1909f56bfc062723c751e8b465ee728b)  -> (artifact id: '770f9f19fb7580a23afb6f686a49b255') in 0.011935 seconds 
========================================================================
Received Import Request.
  Time since last request: 1.459505 seconds.
  path: Assets/SPUM/Script
  artifactKey: Guid(bcec3c9bd280d4c5f8601ef8ee05f562) Importer(815301076,1909f56bfc062723c751e8b465ee728b)
Start importing Assets/SPUM/Script using Guid(bcec3c9bd280d4c5f8601ef8ee05f562) Importer(815301076,1909f56bfc062723c751e8b465ee728b)  -> (artifact id: '6d91ebabba0d21f4c6934c82b955e02a') in 0.011237 seconds 
========================================================================
Received Import Request.
  Time since last request: 1.656002 seconds.
  path: Assets/SPUM/Script/SPUM_Manager.cs
  artifactKey: Guid(75342fe1d6ecf4d899773eb76f45e71f) Importer(815301076,1909f56bfc062723c751e8b465ee728b)
Start importing Assets/SPUM/Script/SPUM_Manager.cs using Guid(75342fe1d6ecf4d899773eb76f45e71f) Importer(815301076,1909f56bfc062723c751e8b465ee728b)  -> (artifact id: '8b951ee81203383a75b83a5a7552db2f') in 0.025286 seconds 
========================================================================
Received Import Request.
  Time since last request: 10.141662 seconds.
  path: Assets/SPUM/Script/SPUM_Prefabs.cs
  artifactKey: Guid(28ac21711b0ec40a0812d33a586eb7ec) Importer(815301076,1909f56bfc062723c751e8b465ee728b)
Start importing Assets/SPUM/Script/SPUM_Prefabs.cs using Guid(28ac21711b0ec40a0812d33a586eb7ec) Importer(815301076,1909f56bfc062723c751e8b465ee728b)  -> (artifact id: '7f2993442d2dd5d066c036ed8d6b8b24') in 0.020840 seconds 
========================================================================
Received Import Request.
  Time since last request: 0.445508 seconds.
  path: Assets/SPUM/Script/SPUM_PreviewItem.cs
  artifactKey: Guid(0288a57d49a55470bad39c398f27f1f0) Importer(815301076,1909f56bfc062723c751e8b465ee728b)
Start importing Assets/SPUM/Script/SPUM_PreviewItem.cs using Guid(0288a57d49a55470bad39c398f27f1f0) Importer(815301076,1909f56bfc062723c751e8b465ee728b)  -> (artifact id: '4fa0270c15e8c0c784aa7277499d018e') in 0.011317 seconds 
========================================================================
Received Import Request.
  Time since last request: 2.907617 seconds.
  path: Assets/SPUM/Script/SPUM_SpriteList.cs
  artifactKey: Guid(baea2e9758e554909b2367e396d9c5a4) Importer(815301076,1909f56bfc062723c751e8b465ee728b)
Start importing Assets/SPUM/Script/SPUM_SpriteList.cs using Guid(baea2e9758e554909b2367e396d9c5a4) Importer(815301076,1909f56bfc062723c751e8b465ee728b)  -> (artifact id: '7394bd254903607d4c40ecea7c8f6fae') in 0.010597 seconds 
========================================================================
Received Import Request.
  Time since last request: 0.880940 seconds.
  path: Assets/SPUM/Script/SPUM_TexutreList.cs
  artifactKey: Guid(edbca53b901544eed81a64ab6741bad0) Importer(815301076,1909f56bfc062723c751e8b465ee728b)
Start importing Assets/SPUM/Script/SPUM_TexutreList.cs using Guid(edbca53b901544eed81a64ab6741bad0) Importer(815301076,1909f56bfc062723c751e8b465ee728b)  -> (artifact id: '07f23c478dfb0a1a91c5dcade4531497') in 0.011671 seconds 
========================================================================
Received Import Request.
  Time since last request: 1.858255 seconds.
  path: Assets/SPUM/Script/Editor
  artifactKey: Guid(a3c2cf64e7d8244289f158c4710e70e6) Importer(815301076,1909f56bfc062723c751e8b465ee728b)
Start importing Assets/SPUM/Script/Editor using Guid(a3c2cf64e7d8244289f158c4710e70e6) Importer(815301076,1909f56bfc062723c751e8b465ee728b)  -> (artifact id: '1c375bf7bb3a268fc87b36037ca134eb') in 0.009091 seconds 
========================================================================
Received Import Request.
  Time since last request: 1.136893 seconds.
  path: Assets/SPUM/Script/Editor/SPUM_Editor.cs
  artifactKey: Guid(64c7ddd8a75884b5da2773365a70e7f8) Importer(815301076,1909f56bfc062723c751e8b465ee728b)
Start importing Assets/SPUM/Script/Editor/SPUM_Editor.cs using Guid(64c7ddd8a75884b5da2773365a70e7f8) Importer(815301076,1909f56bfc062723c751e8b465ee728b)  -> (artifact id: '4b8d6cd65c40aeeb3e05cf339e1bf9be') in 0.010909 seconds 
========================================================================
Received Import Request.
  Time since last request: 0.870151 seconds.
  path: Assets/SPUM/Script/Editor/SPUM_SpriteEditor.cs
  artifactKey: Guid(76fd74ce2e11744e588837bc5edc4d1c) Importer(815301076,1909f56bfc062723c751e8b465ee728b)
Start importing Assets/SPUM/Script/Editor/SPUM_SpriteEditor.cs using Guid(76fd74ce2e11744e588837bc5edc4d1c) Importer(815301076,1909f56bfc062723c751e8b465ee728b)  -> (artifact id: 'f59c58fd02ecb7db9c34760093394cc5') in 0.013152 seconds 
========================================================================
Received Prepare
Registering precompiled user dll's ...
Registered in 0.007114 seconds.
Begin MonoManager ReloadAssembly
Native extension for WindowsStandalone target not found
Native extension for WebGL target not found
Refreshing native plugins compatible for Editor in 0.58 ms, found 3 plugins.
Preloading 0 native plugins for Editor in 0.00 ms.
Mono: successfully reloaded assembly
- Completed reload, in  1.202 seconds
Domain Reload Profiling:
	ReloadAssembly (1203ms)
		BeginReloadAssembly (169ms)
			ExecutionOrderSort (0ms)
			DisableScriptedObjects (7ms)
			BackupInstance (0ms)
			ReleaseScriptingObjects (0ms)
			CreateAndSetChildDomain (39ms)
		EndReloadAssembly (953ms)
			LoadAssemblies (157ms)
			RebuildTransferFunctionScriptingTraits (0ms)
			SetupTypeCache (336ms)
			ReleaseScriptCaches (1ms)
			RebuildScriptCaches (47ms)
			SetupLoadedEditorAssemblies (336ms)
				LogAssemblyErrors (0ms)
				InitializePlatformSupportModulesInManaged (7ms)
				SetLoadedEditorAssemblies (1ms)
				RefreshPlugins (1ms)
				BeforeProcessingInitializeOnLoad (80ms)
				ProcessInitializeOnLoadAttributes (223ms)
				ProcessInitializeOnLoadMethodAttributes (13ms)
				AfterProcessingInitializeOnLoad (13ms)
				EditorAssembliesLoaded (0ms)
			ExecutionOrderSort2 (0ms)
			AwakeInstancesAfterBackupRestoration (9ms)
Platform modules already initialized, skipping
Refreshing native plugins compatible for Editor in 0.53 ms, found 3 plugins.
Preloading 0 native plugins for Editor in 0.00 ms.
Unloading 2222 Unused Serialized files (Serialized files now loaded: 0)
System memory in use before: 101.2 MB.
System memory in use after: 101.3 MB.

Unloading 14 unused Assets to reduce memory usage. Loaded Objects now: 2693.
Total: 3.230800 ms (FindLiveObjects: 0.196400 ms CreateObjectMapping: 0.085900 ms MarkObjects: 2.896900 ms  DeleteObjects: 0.050800 ms)

AssetImportParameters requested are different than current active one (requested -> active):
  custom:framework-win-MediaFoundation: 216162199b28c13a410421893ffa2e32 -> 
  custom:video-decoder-ogg-theora: a1e56fd34408186e4bbccfd4996cb3dc -> 
  custom:container-muxer-webm: aa71ff27fc2769a1b78a27578f13a17b -> 
  custom:container-demuxer-webm: 4f35f7cbe854078d1ac9338744f61a02 -> 
  custom:container-demuxer-ogg: 62fdf1f143b41e24485cea50d1cbac27 -> 
  custom:video-encoder-webm-vp8: eb34c28f22e8b96e1ab97ce403110664 -> 
  custom:video-decoder-webm-vp8: 9c59270c3fd7afecdb556c50c9e8de78 -> 
  custom:audio-decoder-ogg-vorbis: bf7c407c2cedff20999df2af8eb42d56 -> 
  custom:audio-encoder-webm-vorbis: bf7c407c2cedff20999df2af8eb42d56 -> 
AssetImportWorkerClient::OnTransportError - code=2 error=End of file
